[2K[1G[2m$ NEXT_PRIVATE_LOCAL_WEBPACK=true next build[22m
  [1m[38;2;173;127;168m▲ Next.js 14.2.3[39m[22m

[?25l [37m[1m [22m[39m Linting and checking validity of types  [36m.[39m[2K[1G [37m[1m [22m[39m Linting and checking validity of types  [36m..[39m[2K[1G [37m[1m [22m[39m Linting and checking validity of types  [36m...[39m[2K[1G [37m[1m [22m[39m Linting and checking validity of types  [36m.[39m[2K[1G [37m[1m [22m[39m Linting and checking validity of types  [36m..[39m[2K[1G [37m[1m [22m[39m Linting and checking validity of types  [36m...[39m[2K[1G [37m[1m [22m[39m Linting and checking validity of types  [36m.[39m[2K[1G [37m[1m [22m[39m Linting and checking validity of types  [36m..[39m[2K[1G [37m[1m [22m[39m Linting and checking validity of types  [36m...[39m[2K[1G [37m[1m [22m[39m Linting and checking validity of types  [36m.[39m[2K[1G [37m[1m [22m[39m Linting and checking validity of types  [36m..[39m[2K[1G [37m[1m [22m[39m Linting and checking validity of types  [36m...[39m[2K[1G [37m[1m [22m[39m Linting and checking validity of types  [36m.[39m[2K[1G [37m[1m [22m[39m Linting and checking validity of types  [36m..[39m[2K[1G [37m[1m [22m[39m Linting and checking validity of types  [36m...[39m[2K[1G [37m[1m [22m[39m Linting and checking validity of types  [36m.[39m[2K[1G [37m[1m [22m[39m Linting and checking validity of types  [36m..[39m[2K[1G [37m[1m [22m[39m Linting and checking validity of types  [36m...[39m[2K[1G [37m[1m [22m[39m Linting and checking validity of types  [36m.[39m[2K[1G [37m[1m [22m[39m Linting and checking validity of types  [36m..[39m[2K[1G [37m[1m [22m[39m Linting and checking validity of types  [36m...[39m[2K[1G [37m[1m [22m[39m Linting and checking validity of types  [36m.[39m[2K[1G [37m[1m [22m[39m Linting and checking validity of types  [36m..[39m[2K[1G [37m[1m [22m[39m Linting and checking validity of types  [36m...[39m[2K[1G[?25h [37m[1m [22m[39m Linting and checking validity of types     [32m[1m✓[22m[39m Linting and checking validity of types 
 [37m[1m [22m[39m Creating an optimized production build ...
[1m[34m[ Module Federation Manifest Plugin ]: Manifest will use absolute path resolution via its host at runtime, reason: publicPath='auto'[39m[22m
 [33m[1m⚠[22m[39m Compiled with warnings

external "moduleAppB@http://localhost:3001/_next/static/chunks/remoteEntry.js"
The generated code contains 'async/await' because this module is using "external script".
However, your target environment does not appear to support 'async/await'.
As a result, the code may not run as expected or may cause runtime errors.

Import trace for requested module:
external "moduleAppB@http://localhost:3001/_next/static/chunks/remoteEntry.js"
remote moduleAppB/App
./src/pages/_app.tsx

[?25l [37m[1m [22m[39m Collecting page data  [36m.[39m[2K[1G [37m[1m [22m[39m Collecting page data  [36m..[39m[2K[1G [37m[1m [22m[39m Collecting page data  [36m...[39m[2K[1G [37m[1m [22m[39m Collecting page data  [36m.[39m[2K[1G [37m[1m [22m[39m Collecting page data  [36m..[39m[2K[1G [37m[1m [22m[39m Collecting page data  [36m...[39m[2K[1G [37m[1m [22m[39m Collecting page data  [36m.[39m[2K[1G[?25h [37m[1m [22m[39m Collecting page data     [32m[1m✓[22m[39m Collecting page data 
[?25l [37m[1m [22m[39m Generating static pages (0/2)  [36m[    ][39m[2K[1G [37m[1m [22m[39m Generating static pages (0/2)  [36m[=   ][39m[2K[1G [37m[1m [22m[39m Generating static pages (0/2)  [36m[==  ][39m[2K[1G [37m[1m [22m[39m Generating static pages (0/2)  [36m[=== ][39m[2K[1G [37m[1m [22m[39m Generating static pages (0/2)  [36m[ ===][39mfetching http://localhost:3001/_next/static/chunks/remoteEntry.js?t=1717125294438
fetching http://localhost:3001/_next/static/chunks/remoteEntry.js?t=1717125294685
moduleAppB/App offline
moduleAppB/App offline TypeError: r.init is not a function
    at e7.get (/Users/sihyungpark/Documents/GitHub/module-federation-example/apps/module-app-c/.next/server/webpack-runtime.js:16:577)
    at process.processTicksAndRejections (node:internal/process/task_queues:95:5)
    at async tw.loadRemote (/Users/sihyungpark/Documents/GitHub/module-federation-example/apps/module-app-c/.next/server/webpack-runtime.js:44:1547)
    at async Promise.all (index 0)
moduleAppB/App offline
moduleAppB/App offline TypeError: r.init is not a function
    at e7.get (/Users/sihyungpark/Documents/GitHub/module-federation-example/apps/module-app-c/.next/server/webpack-runtime.js:16:577)
    at process.processTicksAndRejections (node:internal/process/task_queues:95:5)
    at async tw.loadRemote (/Users/sihyungpark/Documents/GitHub/module-federation-example/apps/module-app-c/.next/server/webpack-runtime.js:44:1547)
    at async Promise.all (index 0)
[2K[1G [37m[1m [22m[39m Generating static pages (1/2)  [36m[  ==][39m[2K[1G[?25h [32m[1m✓[22m[39m Generating static pages (2/2)
[?25l [37m[1m [22m[39m Finalizing page optimization  [36m.[39m[?25l [37m[1m [22m[39m Collecting build traces  [36m.[39m[2K[1G [37m[1m [22m[39m Finalizing page optimization  [36m..[39m[2K[1G [37m[1m [22m[39m Collecting build traces  [36m..[39m[2K[1G [37m[1m [22m[39m Finalizing page optimization  [36m...[39m[2K[1G [37m[1m [22m[39m Collecting build traces  [36m...[39m[2K[1G [37m[1m [22m[39m Finalizing page optimization  [36m.[39m[2K[1G [37m[1m [22m[39m Collecting build traces  [36m.[39m[2K[1G [37m[1m [22m[39m Finalizing page optimization  [36m..[39m[2K[1G [37m[1m [22m[39m Collecting build traces  [36m..[39m[2K[1G [37m[1m [22m[39m Finalizing page optimization  [36m...[39m[2K[1G [37m[1m [22m[39m Collecting build traces  [36m...[39m[2K[1G [37m[1m [22m[39m Finalizing page optimization  [36m.[39m[2K[1G [37m[1m [22m[39m Collecting build traces  [36m.[39m[2K[1G [37m[1m [22m[39m Finalizing page optimization  [36m..[39m[2K[1G [37m[1m [22m[39m Collecting build traces  [36m..[39m[2K[1G [37m[1m [22m[39m Finalizing page optimization  [36m...[39m[2K[1G [37m[1m [22m[39m Collecting build traces  [36m...[39m[2K[1G [37m[1m [22m[39m Finalizing page optimization  [36m.[39m[2K[1G [37m[1m [22m[39m Collecting build traces  [36m.[39m[2K[1G [37m[1m [22m[39m Finalizing page optimization  [36m..[39m[2K[1G [37m[1m [22m[39m Collecting build traces  [36m..[39m[2K[1G [37m[1m [22m[39m Finalizing page optimization  [36m...[39m[2K[1G [37m[1m [22m[39m Collecting build traces  [36m...[39m[2K[1G [37m[1m [22m[39m Finalizing page optimization  [36m.[39m[2K[1G [37m[1m [22m[39m Collecting build traces  [36m.[39m[2K[1G [37m[1m [22m[39m Finalizing page optimization  [36m..[39m[2K[1G [37m[1m [22m[39m Collecting build traces  [36m..[39m[2K[1G [37m[1m [22m[39m Finalizing page optimization  [36m...[39m[2K[1G [37m[1m [22m[39m Collecting build traces  [36m...[39m[2K[1G [37m[1m [22m[39m Finalizing page optimization  [36m.[39m[2K[1G [37m[1m [22m[39m Collecting build traces  [36m.[39m[2K[1G [37m[1m [22m[39m Finalizing page optimization  [36m..[39m[2K[1G [37m[1m [22m[39m Collecting build traces  [36m..[39m[2K[1G [37m[1m [22m[39m Finalizing page optimization  [36m...[39m[2K[1G [37m[1m [22m[39m Collecting build traces  [36m...[39m[2K[1G [37m[1m [22m[39m Finalizing page optimization  [36m.[39m[2K[1G [37m[1m [22m[39m Collecting build traces  [36m.[39m[2K[1G [37m[1m [22m[39m Finalizing page optimization  [36m..[39m[2K[1G [37m[1m [22m[39m Collecting build traces  [36m..[39m[2K[1G [37m[1m [22m[39m Finalizing page optimization  [36m...[39m[2K[1G [37m[1m [22m[39m Collecting build traces  [36m...[39m[2K[1G [37m[1m [22m[39m Finalizing page optimization  [36m.[39m[2K[1G [37m[1m [22m[39m Collecting build traces  [36m.[39m[2K[1G [37m[1m [22m[39m Finalizing page optimization  [36m..[39m[2K[1G [37m[1m [22m[39m Collecting build traces  [36m..[39m[2K[1G[?25h [37m[1m [22m[39m Collecting build traces     [32m[1m✓[22m[39m Collecting build traces 
[2K[1G[?25h [37m[1m [22m[39m Finalizing page optimization     [32m[1m✓[22m[39m Finalizing page optimization 

[4mRoute (pages)[24m                           [4mSize[24m     [4mFirst Load JS[24m
┌   /_app                               0 B            [37m[1m78.9 kB[22m[39m
└ ○ /404                                203 B          [37m[1m79.1 kB[22m[39m
+ First Load JS shared by all           [37m[1m78.9 kB[22m[39m
  ├ chunks/main-77dbf20a08d5deac.js     52.9 kB
  ├ chunks/webpack-c3709d13bca67d00.js  25.3 kB
  └ other shared chunks (total)         707 B

○  (Static)  prerendered as static content

[?25h
